---Dictionary #1---
C
  cuesta
  curso

Ch
  chalar

D
  dar

---Dictionary #2---
Ch
  chalar

C
  curso

D
  dar

---Dictionary #3---
A
  always
  ambassador

B
  baa
  bambi

Aa
  aa
  aardvark

D
  deer

F
  fear

Aaa
  aaa
  aaaaack

---Dictionary #4---
A
  a

---Dictionary #5---
A
  abbe
  abrasive
  abut
  academician
  accent
  accession
  accost
  accounting
  acoustics
  acreage
  adduce
  adenoid
  adjudge
  adjunct
  admonish
  aerie
  afghani
  afterlife
  aggregation
  ague
  airship
  alder
  alee
  allergist
  allspice
  also
  alter
  ameba
  amethyst
  ampere
  amphibian
  anadem
  anathematize
  angina
  annals
  annihilate
  antibiotic
  apartheid
  ape
  apology
  apoplexy
  appellant
  appetizing
  arbitrate
  arch
  argon
  armistice
  armory
  army
  as
  ash
  ashlar
  ask
  asphalt
  assemblyman
  association
  asterisk
  astonish
  asymmetric
  athletics
  attach
  attend
  attenuate
  attributive
  auction
  auction
  audible
  author
  available
  awake
  awe
  awestricken
  ayah

B
  backlog
  badger
  bagel
  balky
  band
  banyan
  barn
  barracks
  basket
  bat
  bat
  batter
  battlefield
  bauxite
  beard
  beckon
  bedrock
  beeline
  berserk
  beverage
  billhead
  biogeography
  biretta
  blackberry
  blanch
  bleachers
  blench
  blister
  blitzkrieg
  bloodshed
  blowsy
  bluestocking
  bomb
  boner
  bosom
  boudoir
  bowling
  bract
  bridge
  brim
  brink
  broadcast
  brochure
  broker
  bronchitis
  brought
  bun
  buss
  butterscotch
  buttress
  buzzard
  bypath
  byplay

C
  cabbage
  cacao
  caldron
  calender
  calve
  camelback
  candy
  canebrake
  cantabile
  canter
  capeskin
  capriole
  cartwheel
  catafalque
  catkin
  caucus
  censor
  centimeter
  chairman
  challenge
  chaperon
  checkbook
  checker
  cheesecloth
  cherish
  cheviot
  chickweed
  chickweed
  chimney
  choirboy
  choler
  cholesterol
  chorea
  chuckle
  chum
  churchless
  circuitous
  circumambulate
  claimant
  clarion
  cleanly
  clearing
  clipping
  cobra
  cockleshell
  coffeepot
  cohabit
  colon
  comedienne
  commercialism
  community
  compact
  compel
  competition
  complacency
  conceal
  conceive
  concentric
  conch
  concourse
  concourse
  coney
  confederate
  confidant
  confrere
  confuse
  confute
  congruence
  conjugate
  conscript
  conservation
  consolidate
  consomme
  constabulary
  construe
  container
  conterminous
  contrast
  controller
  convict
  convivial
  convoke
  corporeal
  correlate
  counterweight
  cowling
  cowling
  cowpuncher
  coxcomb
  credit
  cremate
  crossing
  crotch
  crown
  crumble
  crust
  crystallize
  cunning
  customary
  cyanide
  cypress

D
  dalmatian
  damask
  dandy
  dashboard
  dawdle
  debrief
  decant
  decedent
  defect
  dehumanize
  delta
  demeanor
  demimonde
  dependency
  depredation
  depredation
  develop
  devoir
  diaeresis
  diaper
  didactic
  dignify
  dilate
  dingle
  disaster
  disclose
  disclose
  discontent
  discrepant
  disport
  disquiet
  dissent
  divers
  divulge
  document
  doily
  dolor
  dominion
  dovetail
  drag
  dragnet
  dram
  dribble
  dropkick
  dual
  duckpin
  dummy
  dumpy
  duplicity
  dying

E
  earnings
  edge
  edifice
  egret
  eighteen
  electroplate
  embank
  eminence
  employee
  emu
  emulsifier
  encyclical
  endless
  endurance
  energize
  enjoin
  ethical
  etiquette
  etude
  exasperate
  exasperate
  executive
  exit
  exorcise
  exorcise
  explicable

F
  f
  factory
  fagot
  faith
  familiarize
  fatigue
  fearful
  feather
  feeling
  feminine
  fen
  fervor
  fiancee
  fib
  fidelity
  field
  fifth
  fig
  filament
  finale
  finding
  firedog
  fisherman
  flame
  flange
  flashing
  flier
  flinch
  flip
  flora
  flurry
  flywheel
  foible
  foolproof
  footlights
  fora
  forceps
  forceps
  foregone
  forehand
  forehanded
  foreman
  foremast
  forfeiture
  formless
  fosterling
  foxhole
  francium
  frappe
  freeboard
  fret
  frill
  frisk
  frontage
  froth
  fully
  fume
  furbelow

G
  gabardine
  gadget
  gag
  gallium
  game
  gander
  generalissimo
  gentleman
  geriatric
  giant
  gill
  gladstone
  glottis
  godchild
  godless
  gonfalon
  grammar
  graph
  grass
  graveclothes
  greed
  greenhorn
  grill
  grip
  gross
  grumble
  guffaw
  gunboat
  gunboat
  gunny

H
  habanera
  haggard
  halfhearted
  hamadryad
  handkerchief
  handshake
  handspring
  hangman
  hapless
  hapless
  hardback
  hat
  hazard
  heartthrob
  heel
  heliotrope
  hemisphere
  hemoglobin
  herald
  hermetic
  hierarchy
  historian
  hoarse
  hold
  holly
  home
  homebred
  hominy
  honeymoon
  honorable
  hoop
  horsewhip
  hortatory
  hove
  hullabaloo
  humor
  hurricane
  husband
  hyperborean
  hypothesis

I
  iconoclast
  illustrious
  imago
  imitate
  immeasurable
  immitigable
  impacted
  impenetrable
  imperil
  impertinent
  impetuous
  implant
  implode
  importunate
  importunate
  impossible
  impostor
  imprecate
  improvident
  incarcerate
  incense
  incise
  incorrigible
  inculcate
  incumbency
  indention
  inevitable
  infallible
  infancy
  infantile
  infinitive
  iniquity
  insatiate
  instrumentality
  integral
  intemperance
  intemperance
  interlace
  intermittent
  interrogate
  intertwine
  intolerant
  invalid
  invincible
  involuntary
  irk
  irk
  isle
  italicize

J
  jailbreak
  jazz
  jerkin
  jet
  jiffy
  jimmy
  journalese

K
  kebab
  keep
  kerchief
  key
  kilo
  kind

L
  lab
  ladle
  lambent
  larboard
  lascar
  lath
  laureate
  lavender
  lay
  learned
  learned
  learning
  leer
  leeway
  legislate
  lend
  leotard
  let
  let
  lexicography
  lien
  lifeboat
  limerick
  lineal
  lira
  littoral
  lodging
  loge
  logic
  lucerne

M
  macroscopic
  mainstay
  malcontent
  manes
  margarine
  marksman
  marrow
  martin
  mason
  massacre
  mast
  matchwood
  mavis
  mayhem
  mechanics
  mediocre
  memorabilia
  mesmerize
  middlemost
  middy
  midnight
  midpoint
  midships
  midst
  mikado
  militarize
  mimetic
  miniature
  minimize
  minion
  minor
  mischance
  mislike
  miss
  moire
  moist
  moleskin
  monarch
  moody
  moot
  morality
  moreover
  mufti
  muggy
  mulch
  mule
  munch
  murrain
  mushroom
  mushy
  muskrat
  mutation

N
  nankeen
  narrate
  nasal
  nasturtium
  nasturtium
  nearby
  neath
  necessitous
  neckerchief
  nectarine
  needs
  nethermost
  neurology
  newness
  niche
  nightstick
  ninnyhammer
  nitrate
  nobelium
  nodulose
  noisy
  noncontributory
  nose
  notion
  number
  numerology
  nursling
  nutrient

O
  obfuscate
  observation
  olio
  ominous
  oppose
  oracle
  orangutan
  orator
  orator
  orchard
  orgy
  osculate
  otter
  ours
  outbreak
  outweigh
  oval
  overjoy
  ovule
  own

P
  page
  pagoda
  paladin
  pamper
  panel
  paragraph
  pardoner
  paring
  parliament
  particular
  passim
  patronymic
  pave
  peak
  peanut
  pebble
  pedicab
  pedicab
  pellucid
  pent
  penurious
  perceptual
  perforate
  permeable
  perplex
  perplexed
  pessimism
  phantasy
  pharos
  pharos
  pharos
  physician
  pick
  piece
  pioneer
  pitiable
  pitiable
  pitiful
  pivot
  plasma
  plum
  plump
  pluperfect
  point
  polyclinic
  portfolio
  portrait
  portray
  postboy
  poster
  potassium
  potassium
  potpourri
  poult
  practical
  pratique
  prayerful
  presidio
  pretense
  priceless
  primate
  primogeniture
  principle
  prizewinner
  procession
  proctor
  prod
  produce
  professionalism
  profile
  prophecy
  prosperous
  protrude
  providential
  provisional
  puberty
  puddle
  pudgy
  puke
  pulp
  punitive
  pyjamas

Q
  quadratics
  quadripartite
  quicken
  quiescent

R
  raconteur
  radiant
  radio
  rainstorm
  ramble
  ranger
  rapacious
  rapport
  rascal
  ravage
  rave
  razz
  read
  ready
  recalcitrant
  receipt
  receivership
  reception
  recessive
  recommend
  reconstitute
  recoup
  register
  regurgitate
  rejoin
  reliance
  remember
  renounce
  repartee
  reply
  reportedly
  represent
  reproduce
  repugnant
  respond
  restitution
  restless
  retard
  retinue
  retire
  retrench
  retrospect
  reverent
  reverential
  rhesus
  rhinestone
  rhinoceros
  rice
  ride
  roadstead
  rollicking
  rooftree
  rootstock
  rotor
  rouble
  rove
  ruffle
  ruin
  rumba

S
  sacrament
  sacrilege
  sad
  sap
  sassy
  scarce
  scenario
  schematic
  schilling
  school
  scorch
  scorn
  screw
  sculptor
  scurrilous
  secondary
  sedative
  semen
  sensory
  sentinel
  seraglio
  serpent
  serpentine
  settee
  sheathe
  sheepfold
  shipment
  shirk
  shortly
  shoulder
  shrine
  sidepiece
  simian
  sinew
  sir
  sir
  sit
  skeptic
  skinny
  skyrocket
  slavish
  slender
  sloe
  sloop
  slush
  slut
  solar
  solder
  solid
  sombrero
  somewhere
  sovereignty
  span
  specific
  spectroscope
  spice
  spinet
  spirited
  spit
  spool
  squash
  squawk
  squeeze
  stage
  stepladder
  straight
  straightforward
  stress
  stricken
  strung
  stumble
  subsidize
  subsist
  substantive
  subtrahend
  suet
  sufficiency
  suggestion
  sulfur
  summit
  superhighway
  superintend
  supernatural
  supersede
  supervene
  supplicate
  surroundings
  surroundings
  sustenance
  swab
  swallow
  swan
  swart
  syncope
  syndicate

T
  tablespoon
  tablet
  tack
  tactile
  tail
  tallow
  taps
  taste
  taw
  teamster
  technic
  tenderfoot
  tenderfoot
  testis
  theocracy
  thieve
  thing
  thistledown
  thole
  thoroughgoing
  threadbare
  threw
  thrive
  thrombosis
  throughout
  thundercloud
  tiger
  tight
  tightwad
  tiptoe
  tiptoe
  titmouse
  told
  tomboy
  tome
  toreador
  tornado
  torso
  toxemia
  trait
  transact
  transistor
  translucent
  transom
  travelogue
  treatment
  trochee
  trough
  troy
  truthful
  tunny
  tussock
  twin
  typewrite

U
  ulcerate
  umpire
  unaccustomed
  unarmed
  unbelievable
  unbiased
  uncontrollable
  uncounted
  uncross
  undeceive
  undeceive
  undersea
  unexampled
  unhorse
  unicellular
  unmoved
  unpredictable
  unprintable
  unreserved
  unrivaled
  unsubstantial
  untimely
  upland
  upwind
  usufruct
  uterus
  utilize

V
  valance
  valetudinarian
  validate
  vasty
  vegetative
  vein
  velvet
  vengeance
  verbal
  verbena
  vernal
  vertigo
  vesicant
  vesper
  vigesimal
  villainous
  vindication
  vocal
  vocalic
  vogue
  volcano

W
  waggery
  washer
  watch
  wavelet
  wearisome
  weather
  weatherboard
  weathercock
  weed
  weeny
  weigh
  welkin
  whatnot
  wheezy
  whipsaw
  whole
  whole
  whoop
  wig
  wildlife
  winning
  wintry
  wishful
  within
  witty
  wizardry
  wonderland
  wont
  wrapping

Y
  yawl
  yeasty
  yodel
  yttrium

Z
  zymase

---Dictionary #6---
A
  acclamation
  account
  accursed
  acidulous
  acquaint
  acquaintance
  acquiesce
  ad
  adamant
  adipose
  adjective
  administration
  adventitious
  adventurer
  advisable
  aesthetics
  affidavit
  afterthought
  again
  agleam
  agreeable
  airplane
  ajar
  albumin
  alcove
  alder
  alienate
  alliance
  allure
  alternative
  ambient
  amen
  amplify
  anarchism
  anathema
  ancient
  ancillary
  anglophile
  annoy
  annoyance
  anonymous
  antarctic
  antechoir
  antenna
  anteroom
  anthrax
  antihistamine
  antiquity
  anyplace
  apportion
  apposition
  appreciable
  appreciative
  appropriate
  apron
  ascension
  asperity
  aspire
  astonish
  asylum
  attaint
  attitudinize
  auburn
  auctioneer
  auctioneer
  auspicious
  aviation
  axletree

B
  beautify
  becalm
  bedouin
  bedridden
  bedroom
  bedroom
  bedstead
  belfry
  bellow
  bellow
  belongings
  benefit
  benignant
  bevel
  bipartite
  birch
  birdhouse
  bitumen
  blackout
  bland
  blockbuster
  bloodcurdling
  blurt
  boatswain
  bobbin
  bone
  bookmobile
  borax
  boron
  boy
  bravo
  bridge
  brimful
  brochette
  bubble
  bulbul
  bulrush
  burly
  bursar
  bursar
  buss
  bust
  butcher

C
  celestial
  cenobite
  circular
  clamor
  clap
  classmate
  clearing
  clematis
  clinical
  clodhopper
  clothespin
  coast
  coast
  cobalt
  cockle
  codling
  coffee
  combo
  combustible
  command
  compassion
  compliancy
  concatenation
  concordat
  concubine
  conglomerate
  conservationist
  conservator
  conservator
  consul
  contaminant
  continual
  contract
  contribute
  control
  controvert
  conundrum
  conventionalize
  coolant
  corny
  corrugate
  corvette
  cosignatory
  cotton
  council
  counterattack
  countersign
  cowlick
  coxcomb
  cram
  crankcase
  crawl
  credo
  credo
  credulous
  crier
  criminology
  crumpet
  custody

D
  deanery
  debrief
  debtor
  decade
  decade
  decadence
  defeat
  defeat
  defile
  defile
  dell
  demagogue
  demonetize
  denote
  denouement
  deodorant
  department
  depilatory
  depth
  derogate
  derogatory
  desist
  despoil
  detach
  determine
  determined
  diamond
  dictator
  did
  diffident
  dig
  direful
  discolor
  dispossess
  dissociate
  distance
  dither
  diva
  domination
  dorm
  dowager
  downgrade
  downturn
  downy
  drawbridge
  dreadful
  dressing
  drive
  drunken
  duchy
  duodenum
  duodenum
  duplicate
  dwarf

E
  edelweiss
  edgeways
  effective
  effloresce
  eisteddfod
  electrician
  electromagnet
  eleemosynary
  elocution
  else
  embroidery
  empress
  enamour
  encircle
  encrust
  enema
  enemy
  enlarge
  enplane
  ensheathe
  envenom
  environs
  epaulet
  epergne
  equipoise
  equipoise
  error
  escapade
  esquire
  estuary
  eternity
  ethyl
  etiquette
  euphonious
  everblooming
  exasperate
  exclusive
  exhaust
  exhibitionism
  exonerate
  expertise
  expostulate
  expressman
  extempore
  exude
  eyesight

F
  faculty
  failing
  fallow
  famish
  fan
  farfetched
  farina
  fasten
  feces
  fellowman
  fermium
  ferocious
  fertilize
  fiasco
  fig
  filler
  fils
  filtrate
  firefly
  fishy
  fist
  flavoring
  flaxen
  flue
  flyer
  fold
  foliage
  following
  foolish
  footnote
  fora
  forecastle
  forefront
  foretop
  formalize
  formative
  formerly
  fornication
  forthwith
  foster
  frail
  framework
  frappe
  freckle
  frigid
  fruiterer
  fry
  fumble
  furring
  furrow
  fuzzy

G
  gala
  galaxy
  gamesome
  gamete
  gazebo
  genitive
  gens
  geometry
  gerrymander
  glossary
  glow
  glutton
  goat
  godchild
  goldbeater
  grab
  grantee
  grieve
  grits
  grot
  grouse
  grumble
  gusset
  gusset
  gypsum

H
  habanera
  had
  hailstorm
  haircut
  handicap
  harden
  harem
  harrow
  hatching
  haven
  haversack
  headlight
  hearken
  hedgehog
  heel
  helium
  hellebore
  helve
  hereby
  heretofore
  hesitate
  hie
  hoecake
  holiness
  holy
  homemade
  hour
  however
  howl
  humanize
  humdinger
  humid
  hustle
  hydro
  hydrostatic
  hying
  hymnody

I
  ichor
  icon
  iconoclasm
  id
  identical
  identification
  illuminate
  illusive
  imitable
  impending
  impetigo
  implant
  important
  inability
  incoming
  incommensurate
  incommunicable
  increment
  incrust
  indigent
  industrialize
  inferno
  infusible
  ingest
  inherent
  inhume
  initiatory
  instrumentality
  integer
  intend
  intent
  interlude
  interminable
  intermingle
  intransigent
  ironbound
  irregular
  irreparable
  isle
  isolate
  isosceles

J
  jackanapes
  jape
  jelly
  jingoism
  jug
  jurisdiction
  justice

K
  kaiser
  karate
  kedge
  keel
  kettledrum
  key
  khaki
  kitchen
  kneehole
  knickers
  knoll
  knowing

L
  lace
  ladyfinger
  laggard
  lagoon
  lanai
  landlocked
  larch
  latrine
  laureate
  lavender
  lawrencium
  lazy
  leech
  less
  lessee
  lever
  leviathan
  liability
  lineup
  liniment
  litterbug
  loathly
  loathly
  locus
  logy
  lope
  luck
  lush

M
  mad
  maestro
  maestro
  maladminister
  man
  mandible
  mandragora
  mandrake
  manhood
  manslayer
  margin
  marginalia
  margrave
  marmoreal
  mash
  masseuse
  master
  masterstroke
  masthead
  masturbation
  matador
  matchlock
  material
  mattins
  maw
  may
  mecca
  medal
  meerschaum
  megaphone
  melancholia
  mendicant
  mercer
  merchantable
  middlemost
  mileage
  milldam
  millrace
  mimic
  minaret
  misplay
  missioner
  misunderstand
  momentous
  monogamy
  monophonic
  moo
  morocco
  morphia
  mosquito
  mostly
  mouse
  mouse
  mouse
  mouth
  mucilage
  mural
  muse
  music
  mystic

N
  name
  nausea
  nave
  nebulize
  necrosis
  nest
  neurology
  newsworthy
  niacin
  nitrogen
  nobleman
  noncommittal
  noodle
  novice

O
  oarsman
  oblation
  oblivion
  obnoxious
  observable
  obsidian
  obsolescent
  obsolete
  offence
  offhand
  office
  okra
  oleander
  omit
  once
  operable
  optimism
  orangutan
  ortolan
  outfit
  outgo
  outmoded
  outrank
  outwear
  overlook
  oversize

P
  panache
  panegyric
  paranoia
  paraphernalia
  paraphrase
  parson
  parting
  passel
  passerine
  patch
  paternalism
  pathway
  patio
  pauper
  peacock
  peccadillo
  pectoral
  peeve
  pelvis
  percale
  perhaps
  peritonitis
  persimmon
  petard
  phallus
  phoneme
  photosensitive
  phylum
  pick
  pike
  pincushion
  pirate
  pittance
  play
  plethora
  poach
  podiatry
  poilu
  poncho
  populate
  porch
  porker
  portmanteau
  postcard
  postconsonantal
  potbelly
  potential
  potpie
  poultice
  pound
  pourboire
  practice
  pram
  preadolescence
  prearrange
  prebend
  precancel
  precursor
  predispose
  prefect
  prehensile
  presentiment
  printing
  probation
  probe
  profiteer
  progenitor
  promethium
  proposition
  proscenium
  proscribe
  prose
  prove
  provenance
  providence
  psalmody
  publish
  pucker
  punish
  punitive
  punitive
  push

Q
  query
  quirt
  quixotic
  quote
  quoth
  quoth

R
  rabbinate
  raffia
  rattling
  reactive
  realtor
  rear
  receivable
  recent
  reciprocity
  recumbent
  reformation
  regal
  regular
  rejoin
  relentless
  reliance
  relief
  remonstrant
  rendezvous
  repertory
  reproof
  reputable
  requirement
  respite
  resplendent
  retrench
  reversal
  revolve
  rid
  riel
  rock
  romantic
  roomette
  rostrum
  rosy
  ruination
  runway

S
  saccharine
  sachet
  sailor
  sale
  samarium
  sandhog
  sandpaper
  sanitation
  saw
  scalp
  sceptic
  schedule
  schilling
  schilling
  scintilla
  scorch
  scrabble
  scruff
  scythe
  secede
  secretive
  seedtime
  seigneur
  sensible
  sepulchral
  seraph
  settlement
  sexual
  shake
  sham
  shape
  sheathe
  shew
  shocking
  shore
  shrug
  shut
  siding
  simile
  skillet
  skinny
  slake
  sleepy
  smattering
  smooth
  smudge
  snowshoe
  snuff
  solemn
  solstice
  somalo
  song
  songster
  specter
  spider
  spigot
  spin
  spiral
  spirit
  spit
  splotch
  sponsor
  squeamish
  stab
  stately
  stationer
  stellar
  stentorian
  stereoscopic
  stethoscope
  stiffen
  stigma
  stooge
  storyteller
  stricken
  stroke
  strychnine
  studied
  stupendous
  sublime
  success
  suckle
  suede
  sullen
  sunburn
  supernumerary
  supernumerary
  supper
  surfeit
  surgeon
  surgery
  surpass
  swap
  swear
  swine
  sympathy
  symptom

T
  tablecloth
  tallow
  tangent
  taproom
  teaspoon
  technique
  tee
  telescope
  temporary
  terminal
  theirs
  therefor
  thick
  thickset
  thitherward
  thoughtful
  throne
  throve
  thrust
  thwart
  thyself
  timid
  tinfoil
  tint
  toadstool
  tongs
  tonnage
  tonneau
  tool
  track
  tractable
  traction
  tragedy
  transact
  treasure
  trend
  trepan
  tribesman
  trice
  trivet
  troop
  trow
  trusty
  tufa
  tumbrel
  tundra
  tunnel
  turban
  tureen
  turn
  turnpike
  turnpike
  turpentine
  turret
  twirl
  typesetter
  typewriter
  tyrant

U
  ulcerate
  unbecoming
  uncanny
  uncross
  underlying
  undertaker
  unexceptionable
  unfortunate
  ungird
  unhitch
  unholy
  unless
  unlimber
  unmeet
  unnumbered
  unorganized
  unprofessional
  unsaddle
  unsearchable
  unsightly
  unusual
  unweave
  upbringing
  upholster
  upland

V
  vainglory
  validity
  valuate
  vamp
  vantage
  vat
  vehement
  venue
  versus
  vertebrate
  vestal
  villainy
  violate
  virtu
  vitality
  vivacity
  voguish
  vulcanite
  vulgarism

W
  w
  wager
  wale
  wan
  wander
  wardroom
  warthog
  washable
  watchmaker
  waterway
  wave
  weaken
  wearisome
  weathercock
  weighty
  welcome
  wharfage
  wheresoever
  whitefish
  whiz
  whopper
  whore
  wick
  willies
  windswept
  witch
  wold
  womankind
  wooden
  woodnote
  wore
  workingman
  wormhole
  wove
  wraparound

X
  xerophilous
  xylem

Y
  yardman
  yardmaster
  yarrow
  youngish

Z
  zephyr
  zirconium
  zone

Army
  army

Alcazar
  alcazar

Ch
  chancel
  channel
  chantry
  chaunt
  cheeky
  chiaroscuro
  chic
  chill
  chlorophyll
  choler
  chronology
  chronometer
  church
  churchyard

Ar
  arbitrament
  arena
  arid
  aristocracy
  around
  art

Ba
  backbite
  backlog
  bangle
  barbell
  baron
  barratry
  basement
  bat
  batch
  bathe
  bathhouse
  bazooka

Ca
  cabstand
  cacophony
  caftan
  caisson
  calico
  calorimeter
  cambric
  can
  canalize
  canary
  candelabra
  canon
  careen
  cascade
  casualty
  catchup
  catty
  catwalk
  cavity

Da
  dally
  damascene
  damn
  darken
  datum

Ab
  abandon
  ability
  abomination

